Performing C SOURCE FILE Test CMAKE_HAVE_LIBC_PTHREAD failed with the following output:
Change Dir: /usr/workspace/appleton/DaneSpace/thirdPartyLibs/CMakeFiles/CMakeTmp

Run Build Command(s):/usr/bin/gmake -f Makefile cmTC_e00ce/fast && /usr/bin/gmake  -f CMakeFiles/cmTC_e00ce.dir/build.make CMakeFiles/cmTC_e00ce.dir/build
gmake[1]: Entering directory '/usr/WS1/appleton/DaneSpace/thirdPartyLibs/CMakeFiles/CMakeTmp'
Building C object CMakeFiles/cmTC_e00ce.dir/src.c.o
/usr/tce/packages/clang/clang-14.0.6-magic/bin/clang -DCMAKE_HAVE_LIBC_PTHREAD -DcmTC_e00ce_EXPORTS  -Wall -Wextra    -Werror   -fPIE -MD -MT CMakeFiles/cmTC_e00ce.dir/src.c.o -MF CMakeFiles/cmTC_e00ce.dir/src.c.o.d -o CMakeFiles/cmTC_e00ce.dir/src.c.o -c /usr/workspace/appleton/DaneSpace/thirdPartyLibs/CMakeFiles/CMakeTmp/src.c
Linking C executable cmTC_e00ce
/usr/tce/backend/installations/linux-rhel8-x86_64/gcc-10.3.1/cmake-3.23.1-mdfqd2l7c33zg7xcvqizwz25vqmp7jfw/bin/cmake -E cmake_link_script CMakeFiles/cmTC_e00ce.dir/link.txt --verbose=1
/usr/tce/packages/clang/clang-14.0.6-magic/bin/clang  -Wall -Wextra    -Werror   -Wl,--export-dynamic -rdynamic CMakeFiles/cmTC_e00ce.dir/src.c.o -o cmTC_e00ce 
CMakeFiles/cmTC_e00ce.dir/src.c.o: In function `main':
src.c:(.text+0x22): undefined reference to `pthread_create'
src.c:(.text+0x2b): undefined reference to `pthread_detach'
src.c:(.text+0x34): undefined reference to `pthread_cancel'
src.c:(.text+0x41): undefined reference to `pthread_join'
clang-14: error: linker command failed with exit code 1 (use -v to see invocation)
gmake[1]: *** [CMakeFiles/cmTC_e00ce.dir/build.make:100: cmTC_e00ce] Error 1
gmake[1]: Leaving directory '/usr/WS1/appleton/DaneSpace/thirdPartyLibs/CMakeFiles/CMakeTmp'
gmake: *** [Makefile:127: cmTC_e00ce/fast] Error 2


Source file was:
#include <pthread.h>

static void* test_func(void* data)
{
  return data;
}

int main(void)
{
  pthread_t thread;
  pthread_create(&thread, NULL, test_func, NULL);
  pthread_detach(thread);
  pthread_cancel(thread);
  pthread_join(thread, NULL);
  pthread_atfork(NULL, NULL, NULL);
  pthread_exit(NULL);

  return 0;
}

Determining if the function pthread_create exists in the pthreads failed with the following output:
Change Dir: /usr/workspace/appleton/DaneSpace/thirdPartyLibs/CMakeFiles/CMakeTmp

Run Build Command(s):/usr/bin/gmake -f Makefile cmTC_b770e/fast && /usr/bin/gmake  -f CMakeFiles/cmTC_b770e.dir/build.make CMakeFiles/cmTC_b770e.dir/build
gmake[1]: Entering directory '/usr/WS1/appleton/DaneSpace/thirdPartyLibs/CMakeFiles/CMakeTmp'
Building C object CMakeFiles/cmTC_b770e.dir/CheckFunctionExists.c.o
/usr/tce/packages/clang/clang-14.0.6-magic/bin/clang -DcmTC_b770e_EXPORTS  -Wall -Wextra    -Werror  -DCHECK_FUNCTION_EXISTS=pthread_create -fPIE -MD -MT CMakeFiles/cmTC_b770e.dir/CheckFunctionExists.c.o -MF CMakeFiles/cmTC_b770e.dir/CheckFunctionExists.c.o.d -o CMakeFiles/cmTC_b770e.dir/CheckFunctionExists.c.o -c /usr/tce/backend/installations/linux-rhel8-x86_64/gcc-10.3.1/cmake-3.23.1-mdfqd2l7c33zg7xcvqizwz25vqmp7jfw/share/cmake-3.23/Modules/CheckFunctionExists.c
Linking C executable cmTC_b770e
/usr/tce/backend/installations/linux-rhel8-x86_64/gcc-10.3.1/cmake-3.23.1-mdfqd2l7c33zg7xcvqizwz25vqmp7jfw/bin/cmake -E cmake_link_script CMakeFiles/cmTC_b770e.dir/link.txt --verbose=1
/usr/tce/packages/clang/clang-14.0.6-magic/bin/clang  -Wall -Wextra    -Werror  -DCHECK_FUNCTION_EXISTS=pthread_create -Wl,--export-dynamic -rdynamic CMakeFiles/cmTC_b770e.dir/CheckFunctionExists.c.o -o cmTC_b770e  -lpthreads 
/usr/bin/ld: cannot find -lpthreads
clang-14: error: linker command failed with exit code 1 (use -v to see invocation)
gmake[1]: *** [CMakeFiles/cmTC_b770e.dir/build.make:100: cmTC_b770e] Error 1
gmake[1]: Leaving directory '/usr/WS1/appleton/DaneSpace/thirdPartyLibs/CMakeFiles/CMakeTmp'
gmake: *** [Makefile:127: cmTC_b770e/fast] Error 2



Performing C++ SOURCE FILE Test HAVE_CXX_FLAG_WD654 failed with the following output:
Change Dir: /usr/workspace/appleton/DaneSpace/thirdPartyLibs/CMakeFiles/CMakeTmp

Run Build Command(s):/usr/bin/gmake -f Makefile cmTC_2ea04/fast && /usr/bin/gmake  -f CMakeFiles/cmTC_2ea04.dir/build.make CMakeFiles/cmTC_2ea04.dir/build
gmake[1]: Entering directory '/usr/WS1/appleton/DaneSpace/thirdPartyLibs/CMakeFiles/CMakeTmp'
Building CXX object CMakeFiles/cmTC_2ea04.dir/src.cxx.o
/usr/tce/packages/clang/clang-14.0.6-magic/bin/clang++ -DHAVE_CXX_FLAG_WD654 -DcmTC_2ea04_EXPORTS  -Wall -Wextra       -Werror   -std=c++11  -Wall  -Wextra  -Wshadow  -pedantic  -pedantic-errors  -Wshorten-64-to-32  -fstrict-aliasing  -Wno-deprecated-declarations  -Wstrict-aliasing  -wd654 -fPIE   -wd654 -MD -MT CMakeFiles/cmTC_2ea04.dir/src.cxx.o -MF CMakeFiles/cmTC_2ea04.dir/src.cxx.o.d -o CMakeFiles/cmTC_2ea04.dir/src.cxx.o -c /usr/workspace/appleton/DaneSpace/thirdPartyLibs/CMakeFiles/CMakeTmp/src.cxx
clang-14: error: unknown argument: '-wd654'
clang-14: error: unknown argument: '-wd654'
gmake[1]: *** [CMakeFiles/cmTC_2ea04.dir/build.make:79: CMakeFiles/cmTC_2ea04.dir/src.cxx.o] Error 1
gmake[1]: Leaving directory '/usr/WS1/appleton/DaneSpace/thirdPartyLibs/CMakeFiles/CMakeTmp'
gmake: *** [Makefile:127: cmTC_2ea04/fast] Error 2


Source file was:
int main() { return 0; }
Determining if the function sgemm_ exists failed with the following output:
Change Dir: /usr/workspace/appleton/DaneSpace/thirdPartyLibs/CMakeFiles/CMakeTmp

Run Build Command(s):/usr/bin/gmake -f Makefile cmTC_c627b/fast && /usr/bin/gmake  -f CMakeFiles/cmTC_c627b.dir/build.make CMakeFiles/cmTC_c627b.dir/build
gmake[1]: Entering directory '/usr/WS1/appleton/DaneSpace/thirdPartyLibs/CMakeFiles/CMakeTmp'
Building C object CMakeFiles/cmTC_c627b.dir/CheckFunctionExists.c.o
/usr/tce/packages/clang/clang-14.0.6-magic/bin/clang -DcmTC_c627b_EXPORTS  -Wall -Wextra    -Werror  -DCHECK_FUNCTION_EXISTS=sgemm_ -fPIE -MD -MT CMakeFiles/cmTC_c627b.dir/CheckFunctionExists.c.o -MF CMakeFiles/cmTC_c627b.dir/CheckFunctionExists.c.o.d -o CMakeFiles/cmTC_c627b.dir/CheckFunctionExists.c.o -c /usr/tce/backend/installations/linux-rhel8-x86_64/gcc-10.3.1/cmake-3.23.1-mdfqd2l7c33zg7xcvqizwz25vqmp7jfw/share/cmake-3.23/Modules/CheckFunctionExists.c
Linking C executable cmTC_c627b
/usr/tce/backend/installations/linux-rhel8-x86_64/gcc-10.3.1/cmake-3.23.1-mdfqd2l7c33zg7xcvqizwz25vqmp7jfw/bin/cmake -E cmake_link_script CMakeFiles/cmTC_c627b.dir/link.txt --verbose=1
/usr/tce/packages/clang/clang-14.0.6-magic/bin/clang  -Wall -Wextra    -Werror  -DCHECK_FUNCTION_EXISTS=sgemm_ -Wl,--export-dynamic -rdynamic CMakeFiles/cmTC_c627b.dir/CheckFunctionExists.c.o -o cmTC_c627b 
CMakeFiles/cmTC_c627b.dir/CheckFunctionExists.c.o: In function `main':
CheckFunctionExists.c:(.text+0x17): undefined reference to `sgemm_'
clang-14: error: linker command failed with exit code 1 (use -v to see invocation)
gmake[1]: *** [CMakeFiles/cmTC_c627b.dir/build.make:100: cmTC_c627b] Error 1
gmake[1]: Leaving directory '/usr/WS1/appleton/DaneSpace/thirdPartyLibs/CMakeFiles/CMakeTmp'
gmake: *** [Makefile:127: cmTC_c627b/fast] Error 2



